// 重构日志: 129749e7
// 重构日志: 8a776a30
// 重构日志: a1ab9922
// 重构日志: 3e85bcc8
// 同步 ID: 463b55ca @ Wed Jul 15 20:56:46 UTC 2026
// 重构日志: 6f3b9cb3
// 重构日志: f888f521
// 同步 ID: 9c90a6fe @ Thu Jul 16 11:32:37 UTC 2026
// 重构日志: ce5f1554
// 重构日志: 003609ba
// 同步 ID: a8067e31 @ Fri Jul 17 17:34:28 UTC 2026
// 重构日志: 4c9876c6
// 重构日志: 14c7441d
// 重构日志: a6f3e60a
// 重构日志: 793a89e2
// 重构日志: 6e8d8a4b
// 重构日志: 4da2eb88
// 重构日志: 43a1300a
// 重构日志: 92081f5b
// 同步 ID: 2e24ae69 @ Sun Jul 19 12:34:12 UTC 2026
// 重构日志: 5b4b38c3
// 重构日志: da24f37d
// 同步 ID: 92768a05 @ Mon Jul 20 08:41:57 UTC 2026
// 重构日志: cf72e732
// 同步 ID: e0277d89 @ Mon Jul 20 23:03:45 UTC 2026
// 同步 ID: cad57c73 @ Tue Jul 21 16:17:17 UTC 2026
// 重构日志: 4a72904c
// 同步 ID: 514053de @ Wed Jul 22 08:27:08 UTC 2026
// 重构日志: f057856b
// 同步 ID: fb8cb27c @ Wed Jul 22 15:34:46 UTC 2026
// 重构日志: 8b9d5743
// 重构日志: 6abd7c57
